app/build/intermediates/manifest_merge_blame_file/debug/manifest-merger-blame-debug-report.txt
1<?xml version="1.0" encoding="utf-8"?>
2<manifest xmlns:android="http://schemas.android.com/apk/res/android"
3    package="com.example.theatreticketsapp"
4    android:versionCode="1"
5    android:versionName="1.0" >
6
7    <uses-sdk
8        android:minSdkVersion="28"
8-->src/main/AndroidManifest.xml
9        android:targetSdkVersion="29" />
9-->src/main/AndroidManifest.xml
10    <!--
11         The ACCESS_COARSE/FINE_LOCATION permissions are not required to use
12         Google Maps Android API v2, but you must specify either coarse or fine
13         location permissions for the 'MyLocation' functionality.
14    -->
15    <uses-permission android:name="android.permission.ACCESS_FINE_LOCATION" />
15-->src/main/AndroidManifest.xml:9:5-79
15-->src/main/AndroidManifest.xml:9:22-76
16    <uses-permission android:name="android.permission.INTERNET" />
16-->src/main/AndroidManifest.xml:10:5-67
16-->src/main/AndroidManifest.xml:10:22-64
17    <uses-permission android:name="android.permission.BLUETOOTH" />
17-->[com.paypal.retail:here-sdk-debug:2.0.0.201801] AndroidManifest.xml:11:5-68
17-->[com.paypal.retail:here-sdk-debug:2.0.0.201801] AndroidManifest.xml:11:22-65
18    <uses-permission android:name="android.permission.BLUETOOTH_ADMIN" />
18-->[com.paypal.retail:here-sdk-debug:2.0.0.201801] AndroidManifest.xml:12:5-74
18-->[com.paypal.retail:here-sdk-debug:2.0.0.201801] AndroidManifest.xml:12:22-71
19    <uses-permission android:name="android.permission.RECORD_AUDIO" />
19-->[com.paypal.retail:here-sdk-debug:2.0.0.201801] AndroidManifest.xml:13:5-71
19-->[com.paypal.retail:here-sdk-debug:2.0.0.201801] AndroidManifest.xml:13:22-68
20    <uses-permission android:name="android.permission.ACCESS_COARSE_LOCATION" /> <!-- Include required permissions for Google Maps API to run. -->
20-->[com.paypal.retail:here-sdk-debug:2.0.0.201801] AndroidManifest.xml:14:5-81
20-->[com.paypal.retail:here-sdk-debug:2.0.0.201801] AndroidManifest.xml:14:22-78
21    <uses-permission android:name="android.permission.ACCESS_NETWORK_STATE" />
21-->[com.google.android.gms:play-services-maps:17.0.0] AndroidManifest.xml:23:5-79
21-->[com.google.android.gms:play-services-maps:17.0.0] AndroidManifest.xml:23:22-76
22
23    <uses-feature
23-->[com.google.android.gms:play-services-maps:17.0.0] AndroidManifest.xml:26:5-28:35
24        android:glEsVersion="0x00020000"
24-->[com.google.android.gms:play-services-maps:17.0.0] AndroidManifest.xml:27:9-41
25        android:required="true" />
25-->[com.google.android.gms:play-services-maps:17.0.0] AndroidManifest.xml:28:9-32
26
27    <application
27-->src/main/AndroidManifest.xml:12:5-86:19
28        android:allowBackup="true"
28-->src/main/AndroidManifest.xml:13:9-35
29        android:appComponentFactory="androidx.core.app.CoreComponentFactory"
29-->[androidx.core:core:1.1.0] AndroidManifest.xml:24:18-86
30        android:debuggable="true"
31        android:icon="@mipmap/ic_launcher"
31-->src/main/AndroidManifest.xml:14:9-43
32        android:label="@string/app_name"
32-->src/main/AndroidManifest.xml:15:9-41
33        android:roundIcon="@mipmap/ic_launcher_round"
33-->src/main/AndroidManifest.xml:16:9-54
34        android:supportsRtl="true"
34-->src/main/AndroidManifest.xml:17:9-35
35        android:testOnly="true"
36        android:theme="@style/AppTheme"
36-->src/main/AndroidManifest.xml:18:9-40
37        android:usesCleartextTraffic="true" >
37-->src/main/AndroidManifest.xml:19:9-44
38        <activity android:name="com.example.theatreticketsapp.ViewReviews" />
38-->src/main/AndroidManifest.xml:20:9-58
38-->src/main/AndroidManifest.xml:20:19-46
39        <activity android:name="com.example.theatreticketsapp.ViewVenue" />
39-->src/main/AndroidManifest.xml:21:9-47
39-->src/main/AndroidManifest.xml:21:19-44
40        <!--
41             The API key for Google Maps-based APIs is defined as a string resource.
42             (See the file "res/values/google_maps_api.xml").
43             Note that the API key is linked to the encryption key used to sign the APK.
44             You need a different API key for each encryption key, including the release key that is used to
45             sign the APK for publishing.
46             You can define the keys for the debug and release targets in src/debug/ and src/release/.
47        -->
48        <meta-data
48-->src/main/AndroidManifest.xml:30:9-32:55
49            android:name="com.google.android.geo.API_KEY"
49-->src/main/AndroidManifest.xml:31:13-58
50            android:value="@string/google_maps_key" />
50-->src/main/AndroidManifest.xml:32:13-52
51
52        <activity
52-->src/main/AndroidManifest.xml:34:9-36:59
53            android:name="com.example.theatreticketsapp.MapsActivity"
53-->src/main/AndroidManifest.xml:35:13-41
54            android:label="@string/title_activity_maps" />
54-->src/main/AndroidManifest.xml:36:13-56
55        <activity
55-->src/main/AndroidManifest.xml:37:9-40:59
56            android:name="com.example.theatreticketsapp.ViewTickets"
56-->src/main/AndroidManifest.xml:38:13-40
57            android:label="@string/title_activity_view_tickets"
57-->src/main/AndroidManifest.xml:39:13-64
58            android:theme="@style/AppTheme.NoActionBar" />
58-->src/main/AndroidManifest.xml:40:13-56
59        <activity
59-->src/main/AndroidManifest.xml:41:9-44:59
60            android:name="com.example.theatreticketsapp.CreateReview"
60-->src/main/AndroidManifest.xml:42:13-41
61            android:label="@string/title_activity_create_review"
61-->src/main/AndroidManifest.xml:43:13-65
62            android:theme="@style/AppTheme.NoActionBar" />
62-->src/main/AndroidManifest.xml:44:13-56
63        <activity
63-->src/main/AndroidManifest.xml:45:9-47:61
64            android:name="com.example.theatreticketsapp.MyBasket"
64-->src/main/AndroidManifest.xml:46:13-37
65            android:label="@string/title_activity_basket" />
65-->src/main/AndroidManifest.xml:47:13-58
66        <activity
66-->src/main/AndroidManifest.xml:48:9-50:59
67            android:name="com.example.theatreticketsapp.Homepage"
67-->src/main/AndroidManifest.xml:49:13-37
68            android:theme="@style/AppTheme.NoActionBar" />
68-->src/main/AndroidManifest.xml:50:13-56
69        <activity
69-->src/main/AndroidManifest.xml:51:9-53:59
70            android:name="com.example.theatreticketsapp.ChooseTickets"
70-->src/main/AndroidManifest.xml:52:13-42
71            android:theme="@style/AppTheme.NoActionBar" />
71-->src/main/AndroidManifest.xml:53:13-56
72        <activity
72-->src/main/AndroidManifest.xml:54:9-56:59
73            android:name="com.example.theatreticketsapp.ChooseDate"
73-->src/main/AndroidManifest.xml:55:13-39
74            android:theme="@style/AppTheme.NoActionBar" />
74-->src/main/AndroidManifest.xml:56:13-56
75
76        <meta-data
76-->src/main/AndroidManifest.xml:58:9-60:60
77            android:name="com.google.android.actions"
77-->src/main/AndroidManifest.xml:59:13-54
78            android:resource="@transition/slide_in_down" />
78-->src/main/AndroidManifest.xml:60:13-57
79
80        <activity
80-->src/main/AndroidManifest.xml:62:9-65:59
81            android:name="com.example.theatreticketsapp.MyAccount"
81-->src/main/AndroidManifest.xml:63:13-38
82            android:label="My Account"
82-->src/main/AndroidManifest.xml:64:13-39
83            android:theme="@style/AppTheme.NoActionBar" />
83-->src/main/AndroidManifest.xml:65:13-56
84        <activity
84-->src/main/AndroidManifest.xml:66:9-69:59
85            android:name="com.example.theatreticketsapp.MyBookings"
85-->src/main/AndroidManifest.xml:67:13-39
86            android:label="My Bookings"
86-->src/main/AndroidManifest.xml:68:13-40
87            android:theme="@style/AppTheme.NoActionBar" />
87-->src/main/AndroidManifest.xml:69:13-56
88        <activity
88-->src/main/AndroidManifest.xml:70:9-73:59
89            android:name="com.example.theatreticketsapp.Explore"
89-->src/main/AndroidManifest.xml:71:13-36
90            android:label="Explore"
90-->src/main/AndroidManifest.xml:72:13-36
91            android:theme="@style/AppTheme.NoActionBar" />
91-->src/main/AndroidManifest.xml:73:13-56
92        <activity
92-->src/main/AndroidManifest.xml:74:9-77:59
93            android:name="com.example.theatreticketsapp.ShowInformation"
93-->src/main/AndroidManifest.xml:75:13-44
94            android:label="@string/title_activity_selected_show"
94-->src/main/AndroidManifest.xml:76:13-65
95            android:theme="@style/AppTheme.NoActionBar" />
95-->src/main/AndroidManifest.xml:77:13-56
96        <activity android:name="com.example.theatreticketsapp.Register" />
96-->src/main/AndroidManifest.xml:78:9-46
96-->src/main/AndroidManifest.xml:78:19-43
97        <activity android:name="com.example.theatreticketsapp.Login" >
97-->src/main/AndroidManifest.xml:79:9-85:20
97-->src/main/AndroidManifest.xml:79:19-40
98            <intent-filter>
98-->src/main/AndroidManifest.xml:80:13-84:29
99                <action android:name="android.intent.action.MAIN" />
99-->src/main/AndroidManifest.xml:81:17-69
99-->src/main/AndroidManifest.xml:81:25-66
100
101                <category android:name="android.intent.category.LAUNCHER" />
101-->src/main/AndroidManifest.xml:83:17-77
101-->src/main/AndroidManifest.xml:83:27-74
102            </intent-filter>
103        </activity>
104        <activity
104-->[com.paypal.retail:here-sdk-debug:2.0.0.201801] AndroidManifest.xml:18:9-22:53
105            android:name="com.paypal.paypalretailsdk.ui.receipt.ReceiptOptionsActivity"
105-->[com.paypal.retail:here-sdk-debug:2.0.0.201801] AndroidManifest.xml:19:13-88
106            android:configChanges="keyboardHidden|orientation|screenSize|screenLayout"
106-->[com.paypal.retail:here-sdk-debug:2.0.0.201801] AndroidManifest.xml:20:13-87
107            android:label="@string/title_activity_receipt_options"
107-->[com.paypal.retail:here-sdk-debug:2.0.0.201801] AndroidManifest.xml:21:13-67
108            android:theme="@style/Theme.SDK.Base" />
108-->[com.paypal.retail:here-sdk-debug:2.0.0.201801] AndroidManifest.xml:22:13-50
109        <activity
109-->[com.paypal.retail:here-sdk-debug:2.0.0.201801] AndroidManifest.xml:23:9-27:53
110            android:name="com.paypal.paypalretailsdk.ui.receipt.ReceiptSendToActivity"
110-->[com.paypal.retail:here-sdk-debug:2.0.0.201801] AndroidManifest.xml:24:13-87
111            android:configChanges="keyboardHidden|orientation|screenSize|screenLayout"
111-->[com.paypal.retail:here-sdk-debug:2.0.0.201801] AndroidManifest.xml:25:13-87
112            android:label="@string/title_activity_receipt_options"
112-->[com.paypal.retail:here-sdk-debug:2.0.0.201801] AndroidManifest.xml:26:13-67
113            android:theme="@style/Theme.SDK.Base" />
113-->[com.paypal.retail:here-sdk-debug:2.0.0.201801] AndroidManifest.xml:27:13-50
114        <activity
114-->[com.paypal.retail:here-sdk-debug:2.0.0.201801] AndroidManifest.xml:28:9-33:53
115            android:name="com.paypal.paypalretailsdk.ui.signature.SignatureActivity"
115-->[com.paypal.retail:here-sdk-debug:2.0.0.201801] AndroidManifest.xml:29:13-85
116            android:configChanges="keyboardHidden|orientation|screenSize|screenLayout"
116-->[com.paypal.retail:here-sdk-debug:2.0.0.201801] AndroidManifest.xml:30:13-87
117            android:exported="true"
117-->[com.paypal.retail:here-sdk-debug:2.0.0.201801] AndroidManifest.xml:31:13-36
118            android:label="@string/app_name"
118-->[com.paypal.retail:here-sdk-debug:2.0.0.201801] AndroidManifest.xml:32:13-45
119            android:theme="@style/Theme.SDK.Base" />
119-->[com.paypal.retail:here-sdk-debug:2.0.0.201801] AndroidManifest.xml:33:13-50
120        <activity
120-->[com.paypal.retail:here-sdk-debug:2.0.0.201801] AndroidManifest.xml:34:9-37:67
121            android:name="com.paypal.paypalretailsdk.ui.dialogs.SDKDialogActivity"
121-->[com.paypal.retail:here-sdk-debug:2.0.0.201801] AndroidManifest.xml:35:13-83
122            android:configChanges="keyboardHidden|orientation|screenSize|screenLayout"
122-->[com.paypal.retail:here-sdk-debug:2.0.0.201801] AndroidManifest.xml:36:13-87
123            android:theme="@style/Theme.SDK.Dialog.Transparent" />
123-->[com.paypal.retail:here-sdk-debug:2.0.0.201801] AndroidManifest.xml:37:13-64
124        <activity
124-->[com.paypal.retail:here-sdk-debug:2.0.0.201801] AndroidManifest.xml:38:9-43:67
125            android:name="com.paypal.paypalretailsdk.ui.DeviceConnectionActivity"
125-->[com.paypal.retail:here-sdk-debug:2.0.0.201801] AndroidManifest.xml:39:13-82
126            android:configChanges="keyboardHidden|orientation|screenSize|screenLayout"
126-->[com.paypal.retail:here-sdk-debug:2.0.0.201801] AndroidManifest.xml:40:13-87
127            android:label="@string/DeviceConnectionActivity"
127-->[com.paypal.retail:here-sdk-debug:2.0.0.201801] AndroidManifest.xml:41:13-61
128            android:launchMode="singleTop"
128-->[com.paypal.retail:here-sdk-debug:2.0.0.201801] AndroidManifest.xml:42:13-43
129            android:theme="@style/Theme.SDK.Dialog.Transparent" /> <!-- Needs to be explicitly declared on P+ -->
129-->[com.paypal.retail:here-sdk-debug:2.0.0.201801] AndroidManifest.xml:43:13-64
130        <uses-library
130-->[com.google.android.gms:play-services-maps:17.0.0] AndroidManifest.xml:33:9-35:40
131            android:name="org.apache.http.legacy"
131-->[com.google.android.gms:play-services-maps:17.0.0] AndroidManifest.xml:34:13-50
132            android:required="false" />
132-->[com.google.android.gms:play-services-maps:17.0.0] AndroidManifest.xml:35:13-37
133
134        <activity
134-->[com.google.android.gms:play-services-base:17.0.0] AndroidManifest.xml:23:9-26:75
135            android:name="com.google.android.gms.common.api.GoogleApiActivity"
135-->[com.google.android.gms:play-services-base:17.0.0] AndroidManifest.xml:24:13-79
136            android:exported="false"
136-->[com.google.android.gms:play-services-base:17.0.0] AndroidManifest.xml:25:13-37
137            android:theme="@android:style/Theme.Translucent.NoTitleBar" />
137-->[com.google.android.gms:play-services-base:17.0.0] AndroidManifest.xml:26:13-72
138
139        <meta-data
139-->[com.google.android.gms:play-services-basement:17.0.0] AndroidManifest.xml:23:9-25:69
140            android:name="com.google.android.gms.version"
140-->[com.google.android.gms:play-services-basement:17.0.0] AndroidManifest.xml:24:13-58
141            android:value="@integer/google_play_services_version" />
141-->[com.google.android.gms:play-services-basement:17.0.0] AndroidManifest.xml:25:13-66
142
143        <provider
143-->[androidx.lifecycle:lifecycle-process:2.2.0] AndroidManifest.xml:25:9-29:43
144            android:name="androidx.lifecycle.ProcessLifecycleOwnerInitializer"
144-->[androidx.lifecycle:lifecycle-process:2.2.0] AndroidManifest.xml:26:13-79
145            android:authorities="com.example.theatreticketsapp.lifecycle-process"
145-->[androidx.lifecycle:lifecycle-process:2.2.0] AndroidManifest.xml:27:13-69
146            android:exported="false"
146-->[androidx.lifecycle:lifecycle-process:2.2.0] AndroidManifest.xml:28:13-37
147            android:multiprocess="true" />
147-->[androidx.lifecycle:lifecycle-process:2.2.0] AndroidManifest.xml:29:13-40
148    </application>
149
150</manifest>